# JRE version: Java(TM) SE Runtime Environment (17.0.12+8) (build 17.0.12+8-LTS-286)
# Java VM: Java HotSpot(TM) 64-Bit Server VM (17.0.12+8-LTS-286, mixed mode, sharing, tiered, compressed oops, compressed class ptrs, g1 gc, windows-amd64)
GC Precious Log:
 CPUs: 12 total, 12 available
 Memory: 7549M
 Large Page Support: Disabled
 NUMA Support: Disabled
 Compressed Oops: Enabled (32-bit)
 Heap Region Size: 1M
 Heap Min Capacity: 8M
 Heap Initial Capacity: 118M
 Heap Max Capacity: 2G
 Pre-touch: Disabled
 Parallel Workers: 10
 Concurrent Workers: 3
 Concurrent Refinement Workers: 10
 Periodic GC: Disabled
Heap:
 garbage-first heap   total 319488K, used 230580K [0x0000000080000000, 0x0000000100000000)
  region size 1024K, 6 young (6144K), 6 survivors (6144K)
 Metaspace       used 152263K, committed 153856K, reserved 622592K
  class space    used 20046K, committed 20800K, reserved 425984K
GC Heap History (20 events):
Event: 2578.306 GC heap after
{Heap after GC invocations=73 (full 0):
 garbage-first heap   total 319488K, used 209835K [0x0000000080000000, 0x0000000100000000)
  region size 1024K, 2 young (2048K), 2 survivors (2048K)
 Metaspace       used 144141K, committed 145728K, reserved 557056K
  class space    used 19215K, committed 19968K, reserved 425984K
}
Event: 2579.193 GC heap before
{Heap before GC invocations=73 (full 0):
 garbage-first heap   total 319488K, used 268203K [0x0000000080000000, 0x0000000100000000)
  region size 1024K, 60 young (61440K), 2 survivors (2048K)
 Metaspace       used 148859K, committed 150464K, reserved 557056K
  class space    used 19823K, committed 20608K, reserved 425984K
}
Event: 2579.198 GC heap after
{Heap after GC invocations=74 (full 0):
 garbage-first heap   total 319488K, used 212411K [0x0000000080000000, 0x0000000100000000)
  region size 1024K, 5 young (5120K), 5 survivors (5120K)
 Metaspace       used 148859K, committed 150464K, reserved 557056K
  class space    used 19823K, committed 20608K, reserved 425984K
}
Event: 2587.700 GC heap before
{Heap before GC invocations=74 (full 0):
 garbage-first heap   total 319488K, used 269755K [0x0000000080000000, 0x0000000100000000)
  region size 1024K, 62 young (63488K), 5 survivors (5120K)
 Metaspace       used 151306K, committed 152960K, reserved 622592K
  class space    used 20019K, committed 20800K, reserved 425984K
}
Event: 2587.706 GC heap after
{Heap after GC invocations=75 (full 0):
 garbage-first heap   total 319488K, used 216830K [0x0000000080000000, 0x0000000100000000)
  region size 1024K, 8 young (8192K), 8 survivors (8192K)
 Metaspace       used 151306K, committed 152960K, reserved 622592K
  class space    used 20019K, committed 20800K, reserved 425984K
}
Event: 2595.915 GC heap before
{Heap before GC invocations=75 (full 0):
 garbage-first heap   total 319488K, used 271102K [0x0000000080000000, 0x0000000100000000)
  region size 1024K, 62 young (63488K), 8 survivors (8192K)
 Metaspace       used 151644K, committed 153216K, reserved 622592K
  class space    used 20020K, committed 20800K, reserved 425984K
}
Event: 2595.920 GC heap after
{Heap after GC invocations=76 (full 0):
 garbage-first heap   total 319488K, used 218496K [0x0000000080000000, 0x0000000100000000)
  region size 1024K, 3 young (3072K), 3 survivors (3072K)
 Metaspace       used 151644K, committed 153216K, reserved 622592K
  class space    used 20020K, committed 20800K, reserved 425984K
}
Event: 2603.968 GC heap before
{Heap before GC invocations=76 (full 0):
 garbage-first heap   total 319488K, used 272768K [0x0000000080000000, 0x0000000100000000)
  region size 1024K, 57 young (58368K), 3 survivors (3072K)
 Metaspace       used 151900K, committed 153472K, reserved 622592K
  class space    used 20020K, committed 20800K, reserved 425984K
}
Event: 2603.971 GC heap after
{Heap after GC invocations=77 (full 0):
 garbage-first heap   total 319488K, used 219839K [0x0000000080000000, 0x0000000100000000)
  region size 1024K, 4 young (4096K), 4 survivors (4096K)
 Metaspace       used 151900K, committed 153472K, reserved 622592K
  class space    used 20020K, committed 20800K, reserved 425984K
}
Event: 2627.776 GC heap before
{Heap before GC invocations=77 (full 0):
 garbage-first heap   total 319488K, used 275135K [0x0000000080000000, 0x0000000100000000)
  region size 1024K, 59 young (60416K), 4 survivors (4096K)
 Metaspace       used 152068K, committed 153664K, reserved 622592K
  class space    used 20022K, committed 20800K, reserved 425984K
}
Event: 2627.780 GC heap after
{Heap after GC invocations=78 (full 0):
 garbage-first heap   total 319488K, used 220303K [0x0000000080000000, 0x0000000100000000)
  region size 1024K, 5 young (5120K), 5 survivors (5120K)
 Metaspace       used 152068K, committed 153664K, reserved 622592K
  class space    used 20022K, committed 20800K, reserved 425984K
}
Event: 2676.099 GC heap before
{Heap before GC invocations=78 (full 0):
 garbage-first heap   total 319488K, used 277647K [0x0000000080000000, 0x0000000100000000)
  region size 1024K, 61 young (62464K), 5 survivors (5120K)
 Metaspace       used 152142K, committed 153728K, reserved 622592K
  class space    used 20038K, committed 20800K, reserved 425984K
}
Event: 2676.102 GC heap after
{Heap after GC invocations=79 (full 0):
 garbage-first heap   total 319488K, used 221899K [0x0000000080000000, 0x0000000100000000)
  region size 1024K, 4 young (4096K), 4 survivors (4096K)
 Metaspace       used 152142K, committed 153728K, reserved 622592K
  class space    used 20038K, committed 20800K, reserved 425984K
}
Event: 2676.180 GC heap before
{Heap before GC invocations=79 (full 0):
 garbage-first heap   total 319488K, used 277195K [0x0000000080000000, 0x0000000100000000)
  region size 1024K, 58 young (59392K), 4 survivors (4096K)
 Metaspace       used 152240K, committed 153856K, reserved 622592K
  class space    used 20045K, committed 20800K, reserved 425984K
}
Event: 2676.184 GC heap after
{Heap after GC invocations=80 (full 0):
 garbage-first heap   total 319488K, used 224776K [0x0000000080000000, 0x0000000100000000)
  region size 1024K, 6 young (6144K), 6 survivors (6144K)
 Metaspace       used 152240K, committed 153856K, reserved 622592K
  class space    used 20045K, committed 20800K, reserved 425984K
}
Event: 2676.240 GC heap before
{Heap before GC invocations=80 (full 0):
 garbage-first heap   total 319488K, used 278024K [0x0000000080000000, 0x0000000100000000)
  region size 1024K, 58 young (59392K), 6 survivors (6144K)
 Metaspace       used 152246K, committed 153856K, reserved 622592K
  class space    used 20046K, committed 20800K, reserved 425984K
}
Event: 2676.245 GC heap after
{Heap after GC invocations=81 (full 0):
 garbage-first heap   total 319488K, used 227022K [0x0000000080000000, 0x0000000100000000)
  region size 1024K, 5 young (5120K), 5 survivors (5120K)
 Metaspace       used 152246K, committed 153856K, reserved 622592K
  class space    used 20046K, committed 20800K, reserved 425984K
}
Event: 2676.327 GC heap before
{Heap before GC invocations=81 (full 0):
 garbage-first heap   total 319488K, used 279246K [0x0000000080000000, 0x0000000100000000)
  region size 1024K, 57 young (58368K), 5 survivors (5120K)
 Metaspace       used 152256K, committed 153856K, reserved 622592K
  class space    used 20046K, committed 20800K, reserved 425984K
}
Event: 2676.332 GC heap after
{Heap after GC invocations=82 (full 0):
 garbage-first heap   total 319488K, used 228814K [0x0000000080000000, 0x0000000100000000)
  region size 1024K, 6 young (6144K), 6 survivors (6144K)
 Metaspace       used 152256K, committed 153856K, reserved 622592K
  class space    used 20046K, committed 20800K, reserved 425984K
}
Event: 2676.409 GC heap before
{Heap before GC invocations=82 (full 0):
 garbage-first heap   total 319488K, used 278990K [0x0000000080000000, 0x0000000100000000)
  region size 1024K, 56 young (57344K), 6 survivors (6144K)
 Metaspace       used 152263K, committed 153856K, reserved 622592K
  class space    used 20046K, committed 20800K, reserved 425984K
}

